{"level":"info","message":"MySQL backup successful: backups\\mysql_backup_20250126T085145968Z.sql","timestamp":"2025-01-26T08:51:46.426Z"}
{"level":"error","message":"MySQL backup failed: Command failed: mysqldump -h localhost -u root -pjain2003 jdbccrud, > C:\\Users\\Priyanshu\\Desktop\\Database_Backup_Utility\\Nosql\\backend\\backups\\mysql_backup_20250126T090651445Z.sql\nThe system cannot find the path specified.\r\n","timestamp":"2025-01-26T09:06:51.516Z"}
{"level":"error","message":"MySQL backup failed: Command failed: mysqldump -h localhost -u root -pjain2003 jdbccrud, > C:\\Users\\Priyanshu\\Desktop\\Database_Backup_Utility\\Nosql\\backend\\backups\\mysql_backup_20250126T090824965Z.sql\nmysqldump: [Warning] Using a password on the command line interface can be insecure.\r\nmysqldump: Got error: 1049: Unknown database 'jdbccrud,' when selecting the database\r\n","timestamp":"2025-01-26T09:08:25.116Z"}
{"level":"error","message":"MySQL backup failed: Command failed: mysqldump -h localhost -u root -pjain2003 restapi, > C:\\Users\\Priyanshu\\Desktop\\Database_Backup_Utility\\Nosql\\backend\\backups\\mysql_backup_20250126T090846786Z.sql\nmysqldump: [Warning] Using a password on the command line interface can be insecure.\r\nmysqldump: Got error: 1049: Unknown database 'restapi,' when selecting the database\r\n","timestamp":"2025-01-26T09:08:46.896Z"}
{"level":"error","message":"MySQL backup failed: Command failed: mysqldump -h localhost -u root -pain2003 restapi, > C:\\Users\\Priyanshu\\Desktop\\Database_Backup_Utility\\Nosql\\backend\\backups\\mysql_backup_20250126T090900759Z.sql\nmysqldump: [Warning] Using a password on the command line interface can be insecure.\r\nmysqldump: Got error: 1045: Access denied for user 'root'@'localhost' (using password: YES) when trying to connect\r\n","timestamp":"2025-01-26T09:09:00.839Z"}
{"level":"error","message":"MySQL backup failed: Command failed: mysqldump -h localhost -u root -pjain2003 restapi, > C:\\Users\\Priyanshu\\Desktop\\Database_Backup_Utility\\Nosql\\backend\\backups\\mysql_backup_20250126T090910686Z.sql\nmysqldump: [Warning] Using a password on the command line interface can be insecure.\r\nmysqldump: Got error: 1049: Unknown database 'restapi,' when selecting the database\r\n","timestamp":"2025-01-26T09:09:10.759Z"}
{"level":"error","message":"MySQL backup failed: Command failed: mysqldump -h localhost -u root -p jain2003 restapi, > C:\\Users\\Priyanshu\\Desktop\\Database_Backup_Utility\\Nosql\\backend\\backups\\mysql_backup_20250126T091000840Z.sql\nmysqldump: Got error: 1049: Unknown database 'jain2003' when selecting the database\r\n","timestamp":"2025-01-26T09:10:29.312Z"}
{"level":"error","message":"MySQL backup failed: Command failed: mysqldump -h localhost -u root -p jain2003 restapi, > C:\\Users\\Priyanshu\\Desktop\\Database_Backup_Utility\\Nosql\\backend\\backups\\mysql_backup_20250126T091139550Z.sql\nmysqldump: Got error: 1049: Unknown database 'jain2003' when selecting the database\r\n","timestamp":"2025-01-26T09:11:45.468Z"}
{"level":"error","message":"MySQL backup failed: Command failed: mysqldump -h localhost -u root -pjain2003 restapi, > C:\\Users\\Priyanshu\\Desktop\\Database_Backup_Utility\\Nosql\\backend\\backups\\mysql_backup_20250126T091334320Z.sql\nmysqldump: [Warning] Using a password on the command line interface can be insecure.\r\nmysqldump: Got error: 1049: Unknown database 'restapi,' when selecting the database\r\n","timestamp":"2025-01-26T09:13:34.412Z"}
{"level":"error","message":"MySQL backup failed: Command failed: mysqldump -h localhost -u root -pjain2003 jdbccrud, > C:\\Users\\Priyanshu\\Desktop\\Database_Backup_Utility\\Nosql\\backend\\backups\\mysql_backup_20250126T091409376Z.sql\nmysqldump: [Warning] Using a password on the command line interface can be insecure.\r\nmysqldump: Got error: 1049: Unknown database 'jdbccrud,' when selecting the database\r\n","timestamp":"2025-01-26T09:14:09.456Z"}
{"level":"error","message":"MySQL backup failed: Command failed: mysqldump -h localhost -u root -pjain2003 restapi, > C:\\Users\\Priyanshu\\Desktop\\Database_Backup_Utility\\Nosql\\backend\\backups\\mysql_backup_20250126T091533217Z.sql\nmysqldump: [Warning] Using a password on the command line interface can be insecure.\r\nmysqldump: Got error: 1049: Unknown database 'restapi,' when selecting the database\r\n","timestamp":"2025-01-26T09:15:33.330Z"}
{"level":"error","message":"MySQL backup failed: Command failed: mysqldump -h localhost -u root -pjain2003 restapi, > C:\\Users\\Priyanshu\\Desktop\\Database_Backup_Utility\\Nosql\\backend\\backups\\mysql_backup_20250126T091730089Z.sql\nmysqldump: [Warning] Using a password on the command line interface can be insecure.\r\nmysqldump: Got error: 1049: Unknown database 'restapi,' when selecting the database\r\n","timestamp":"2025-01-26T09:17:30.205Z"}
{"level":"error","message":"MySQL backup failed: Command failed: mysqldump -h localhost -u root -pjain2003 jdbccrud, > C:\\Users\\Priyanshu\\Desktop\\Database_Backup_Utility\\Nosql\\backend\\backups\\mysql_backup_20250126T092020283Z.sql\nmysqldump: [Warning] Using a password on the command line interface can be insecure.\r\nmysqldump: Got error: 1049: Unknown database 'jdbccrud,' when selecting the database\r\n","timestamp":"2025-01-26T09:20:20.397Z"}
{"level":"error","message":"MySQL backup failed: Command failed: mysqldump -h localhost -u root -pjain2003 restapi, > C:\\Users\\Priyanshu\\Desktop\\Database_Backup_Utility\\Nosql\\backend\\backups\\mysql_backup_20250126T092726015Z.sql\nmysqldump: [Warning] Using a password on the command line interface can be insecure.\r\nmysqldump: Got error: 1049: Unknown database 'restapi,' when selecting the database\r\n","timestamp":"2025-01-26T09:27:26.181Z"}
{"level":"error","message":"MySQL backup failed: Command failed: mysqldump -h localhost -u root -pjain2003 restapi, > C:\\Users\\Priyanshu\\Desktop\\Database_Backup_Utility\\Nosql\\backend\\backups\\mysql_backup_20250126T092843870Z.sql\nmysqldump: [Warning] Using a password on the command line interface can be insecure.\r\nmysqldump: Got error: 1049: Unknown database 'restapi,' when selecting the database\r\n","timestamp":"2025-01-26T09:28:43.969Z"}
{"level":"error","message":"MySQL backup failed: Command failed: mysqldump -h localhost -u root -pjain2003 studentapi, > C:\\Users\\Priyanshu\\Desktop\\Database_Backup_Utility\\Nosql\\backend\\backups\\mysql_backup_20250126T093333250Z.sql\nmysqldump: [Warning] Using a password on the command line interface can be insecure.\r\nmysqldump: Got error: 1049: Unknown database 'studentapi,' when selecting the database\r\n","timestamp":"2025-01-26T09:33:33.341Z"}
{"level":"info","message":"MySQL backup successful: backups\\mysql_backup_20250126T111809129Z.sql","timestamp":"2025-01-26T11:18:09.320Z"}
{"level":"info","message":"MySQL backup successful: backups\\mysql_backup_20250126T114519747Z.sql","timestamp":"2025-01-26T11:45:19.877Z"}
{"level":"info","message":"MySQL backup successful: backups\\mysql_backup_20250126T114638455Z.sql","timestamp":"2025-01-26T11:46:38.585Z"}
{"level":"info","message":"MySQL backup successful: backups\\mysql_backup_20250126T115938130Z.sql","timestamp":"2025-01-26T11:59:38.244Z"}
{"level":"info","message":"MySQL backup successful: backups\\mysql_backup_20250126T120032968Z.sql","timestamp":"2025-01-26T12:00:33.053Z"}
{"level":"info","message":"MySQL backup successful: backups\\mysql_backup_20250126T120138046Z.sql","timestamp":"2025-01-26T12:01:38.147Z"}
{"level":"info","message":"MySQL backup successful: backups\\mysql_backup_20250126T121625932Z.sql","timestamp":"2025-01-26T12:16:26.085Z"}
{"level":"info","message":"MySQL backup successful: backups\\mysql_backup_20250126T131432416Z.sql","timestamp":"2025-01-26T13:14:32.659Z"}
{"level":"info","message":"MySQL backup successful: backups\\mysql_backup_20250126T131518203Z.sql","timestamp":"2025-01-26T13:15:18.365Z"}
{"level":"info","message":"MySQL backup successful: backups\\mysql_backup_20250127T021623295Z.sql","timestamp":"2025-01-27T02:16:23.728Z"}
{"level":"info","message":"MySQL backup successful: backups\\mysql_backup_20250127T040043977Z.sql","timestamp":"2025-01-27T04:00:44.503Z"}
{"level":"info","message":"MySQL backup successful: backups\\mysql_backup_20250127T052510084Z.sql","timestamp":"2025-01-27T05:25:10.236Z"}
{"level":"info","message":"MySQL backup successful: backups\\mysql_backup_20250127T053148409Z.sql","timestamp":"2025-01-27T05:31:48.549Z"}
{"level":"info","message":"MySQL backup successful: backups\\mysql_backup_20250127T053908681Z.sql","timestamp":"2025-01-27T05:39:08.815Z"}
{"level":"info","message":"MySQL backup successful: backups\\mysql_backup_20250127T064123176Z.sql","timestamp":"2025-01-27T06:41:23.352Z"}
{"level":"info","message":"MySQL backup successful: backups\\mysql_backup_20250127T101137231Z.sql","timestamp":"2025-01-27T10:11:37.388Z"}
{"level":"info","message":"MySQL backup successful: backups\\mysql_backup_20250208T140220307Z.sql","timestamp":"2025-02-08T14:02:20.803Z"}
{"level":"info","message":"MySQL backup successful: backups\\mysql_backup_20250208T165336753Z.sql","timestamp":"2025-02-08T16:53:37.118Z"}
{"level":"info","message":"MySQL backup successful: backups\\mysql_backup_20250208T165407577Z.sql","timestamp":"2025-02-08T16:54:07.710Z"}
{"level":"info","message":"MySQL backup successful: backups\\mysql_backup_20250208T172033606Z.sql","timestamp":"2025-02-08T17:20:33.878Z"}
{"level":"info","message":"mysql backup successful: backups\\mysql_backup_20250208T172307871Z.sql","timestamp":"2025-02-08T17:23:07.988Z"}
{"level":"info","message":"mysql backup successful: backups\\mysql_backup_20250208T172602107Z.sql","timestamp":"2025-02-08T17:26:02.260Z"}
{"level":"info","message":"mysql backup successful: backups\\mysql_backup_20250208T172707229Z.sql","timestamp":"2025-02-08T17:27:07.333Z"}
{"level":"info","message":"mysql backup successful: backups\\mysql_backup_20250208T172953058Z.sql","timestamp":"2025-02-08T17:29:53.183Z"}
{"level":"info","message":"mongodb backup successful: backups\\mongodb_backup_20250208T173035893Z","timestamp":"2025-02-08T17:30:36.058Z"}
{"level":"info","message":"mongodb backup successful: backups\\mongodb_backup_20250208T173539231Z","timestamp":"2025-02-08T17:35:39.336Z"}
{"level":"info","message":"mongodb backup successful: backups\\mongodb_backup_20250208T173823480Z","timestamp":"2025-02-08T17:38:23.589Z"}
{"level":"info","message":"mongodb backup successful: backups\\mongodb_backup_20250208T174109900Z","timestamp":"2025-02-08T17:41:09.997Z"}
{"level":"info","message":"mysql backup successful: backups\\mysql_backup_20250208T174134993Z.sql","timestamp":"2025-02-08T17:41:35.374Z"}
